<?xml version="1.0" encoding="UTF-8"?>
<!-- Generated by org.testng.reporters.JUnitReportReporter -->
<testsuite hostname="HassanHashemLap" failures="0" tests="1" name="test.IPCL_Ext_AddRequest" time="50.721" errors="0" timestamp="2022-08-16T14:48:56 EET" skipped="0">
  <testcase classname="test.IPCL_Ext_AddRequest" name="IPCL_Externallogin_AddRequest" time="50.721"/>
  <system-out/>
</testsuite> <!-- test.IPCL_Ext_AddRequest -->
