<?xml version="1.0" encoding="UTF-8"?>
<!-- Generated by org.testng.reporters.JUnitReportReporter -->
<testsuite hostname="HassanHashemLap" failures="0" tests="1" name="test.IPCL_Int_AcceptRequest" time="38.549" errors="0" timestamp="2022-08-17T15:00:44 EET" skipped="0">
  <testcase classname="test.IPCL_Int_AcceptRequest" name="IPCL_IPCL_Int_AcceptRequest" time="38.549"/>
  <system-out/>
</testsuite> <!-- test.IPCL_Int_AcceptRequest -->
