<?xml version="1.0" encoding="UTF-8"?>
<!-- Generated by org.testng.reporters.JUnitReportReporter -->
<testsuite hostname="HassanHashemLap" failures="0" tests="1" name="test.DashboardTCases" time="14.488" errors="0" timestamp="2022-08-10T21:55:32 EET" skipped="0">
  <testcase classname="test.DashboardTCases" name="Globalsearch" time="14.488"/>
  <system-out/>
</testsuite> <!-- test.DashboardTCases -->
