<?xml version="1.0" encoding="UTF-8"?>
<!-- Generated by org.testng.reporters.JUnitReportReporter -->
<testsuite hostname="HassanHashemLap" failures="0" tests="1" name="test.IPCL_Int_AcceptRequest" time="15.479" errors="0" timestamp="2022-08-16T14:48:56 EET" skipped="0">
  <testcase classname="test.IPCL_Int_AcceptRequest" name="IPCL_IPCL_Int_AcceptRequest" time="15.479"/>
  <system-out/>
</testsuite> <!-- test.IPCL_Int_AcceptRequest -->
